This is pdfTeX, Version 3.14159265-2.6-1.40.16 (TeX Live 2015/MacPorts 2015_9) (preloaded format=pdflatex 2016.3.18)  20 MAR 2016 22:07
entering extended mode
 restricted \write18 enabled.
 %&-line parsing enabled.
**\nonstopmode \input{"/Users/conglonl/Google_Drive/cmu/15780/proj/proposal/pap
er.tex"}
(/Users/conglonl/Google_Drive/cmu/15780/proj/proposal/paper.tex
(/opt/local/share/texmf-texlive/tex/latex/extsizes/extarticle.cls
Document Class: extarticle 1996/10/08 v1.0 Non Standard LaTeX document class
(/opt/local/share/texmf-texlive/tex/latex/base/size12.clo
File: size12.clo 2014/09/29 v1.4h Standard LaTeX file (size option)
)
(/opt/local/share/texmf-texlive/tex/latex/base/exscale.sty
Package: exscale 2014/09/29 v2.1h Standard LaTeX package exscale
LaTeX Font Info:    Redeclaring symbol font `largesymbols' on input line 57.
LaTeX Font Info:    Overwriting symbol font `largesymbols' in version `normal'
(Font)                  OMX/cmex/m/n --> OMX/cmex/m/n on input line 57.
LaTeX Font Info:    Overwriting symbol font `largesymbols' in version `bold'
(Font)                  OMX/cmex/m/n --> OMX/cmex/m/n on input line 57.
\big@size=\dimen102
)
\c@part=\count79
\c@section=\count80
\c@subsection=\count81
\c@subsubsection=\count82
\c@paragraph=\count83
\c@subparagraph=\count84
\c@figure=\count85
\c@table=\count86
\abovecaptionskip=\skip41
\belowcaptionskip=\skip42
\bibindent=\dimen103
)
(/opt/local/share/texmf-texlive/tex/latex/base/ifthen.sty
Package: ifthen 2014/09/29 v1.1c Standard LaTeX ifthen package (DPC)
)
(/opt/local/share/texmf-texlive/tex/latex/geometry/geometry.sty
Package: geometry 2010/09/12 v5.6 Page Geometry

(/opt/local/share/texmf-texlive/tex/latex/graphics/keyval.sty
Package: keyval 2014/10/28 v1.15 key=value parser (DPC)
\KV@toks@=\toks14
)
(/opt/local/share/texmf-texlive/tex/generic/oberdiek/ifpdf.sty
Package: ifpdf 2011/01/30 v2.3 Provides the ifpdf switch (HO)
Package ifpdf Info: pdfTeX in PDF mode is detected.
)
(/opt/local/share/texmf-texlive/tex/generic/oberdiek/ifvtex.sty
Package: ifvtex 2010/03/01 v1.5 Detect VTeX and its facilities (HO)
Package ifvtex Info: VTeX not detected.
)
(/opt/local/share/texmf-texlive/tex/generic/ifxetex/ifxetex.sty
Package: ifxetex 2010/09/12 v0.6 Provides ifxetex conditional
)
\Gm@cnth=\count87
\Gm@cntv=\count88
\c@Gm@tempcnt=\count89
\Gm@bindingoffset=\dimen104
\Gm@wd@mp=\dimen105
\Gm@odd@mp=\dimen106
\Gm@even@mp=\dimen107
\Gm@layoutwidth=\dimen108
\Gm@layoutheight=\dimen109
\Gm@layouthoffset=\dimen110
\Gm@layoutvoffset=\dimen111
\Gm@dimlist=\toks15
)
(/opt/local/share/texmf-texlive/tex/latex/caption/caption.sty
Package: caption 2013/05/02 v3.3-89 Customizing captions (AR)

(/opt/local/share/texmf-texlive/tex/latex/caption/caption3.sty
Package: caption3 2013/05/02 v1.6-88 caption3 kernel (AR)
Package caption3 Info: TeX engine: e-TeX on input line 57.
\captionmargin=\dimen112
\captionmargin@=\dimen113
\captionwidth=\dimen114
\caption@tempdima=\dimen115
\caption@indent=\dimen116
\caption@parindent=\dimen117
\caption@hangindent=\dimen118
)
\c@ContinuedFloat=\count90
)
(/opt/local/share/texmf-texlive/tex/latex/titlesec/titlesec.sty
Package: titlesec 2011/12/15 v2.10.0 Sectioning titles
\ttl@box=\box26
\beforetitleunit=\skip43
\aftertitleunit=\skip44
\ttl@plus=\dimen119
\ttl@minus=\dimen120
\ttl@toksa=\toks16
\titlewidth=\dimen121
\titlewidthlast=\dimen122
\titlewidthfirst=\dimen123
)
(/opt/local/share/texmf-texlive/tex/latex/enumitem/enumitem.sty
Package: enumitem 2011/09/28 v3.5.2 Customized lists
\labelindent=\skip45
\enit@outerparindent=\dimen124
\enit@toks=\toks17
\enit@inbox=\box27
\enitdp@description=\count91
)
(/opt/local/share/texmf-texlive/tex/latex/fancyhdr/fancyhdr.sty
\fancy@headwidth=\skip46
\f@ncyO@elh=\skip47
\f@ncyO@erh=\skip48
\f@ncyO@olh=\skip49
\f@ncyO@orh=\skip50
\f@ncyO@elf=\skip51
\f@ncyO@erf=\skip52
\f@ncyO@olf=\skip53
\f@ncyO@orf=\skip54
)
(/opt/local/share/texmf-texlive/tex/latex/natbib/natbib.sty
Package: natbib 2010/09/13 8.31b (PWD, AO)
\bibhang=\skip55
\bibsep=\skip56
LaTeX Info: Redefining \cite on input line 694.
\c@NAT@ctr=\count92
)
(/opt/local/share/texmf-texlive/tex/latex/booktabs/booktabs.sty
Package: booktabs 2005/04/14 v1.61803 publication quality tables
\heavyrulewidth=\dimen125
\lightrulewidth=\dimen126
\cmidrulewidth=\dimen127
\belowrulesep=\dimen128
\belowbottomsep=\dimen129
\aboverulesep=\dimen130
\abovetopsep=\dimen131
\cmidrulesep=\dimen132
\cmidrulekern=\dimen133
\defaultaddspace=\dimen134
\@cmidla=\count93
\@cmidlb=\count94
\@aboverulesep=\dimen135
\@belowrulesep=\dimen136
\@thisruleclass=\count95
\@lastruleclass=\count96
\@thisrulewidth=\dimen137
)
(/opt/local/share/texmf-texlive/tex/latex/graphics/color.sty
Package: color 2014/10/28 v1.1a Standard LaTeX Color (DPC)

(/opt/local/share/texmf-texlive/tex/latex/latexconfig/color.cfg
File: color.cfg 2007/01/18 v1.5 color configuration of teTeX/TeXLive
)
Package color Info: Driver file: pdftex.def on input line 142.

(/opt/local/share/texmf-texlive/tex/latex/pdftex-def/pdftex.def
File: pdftex.def 2011/05/27 v0.06d Graphics/color for pdfTeX

(/opt/local/share/texmf-texlive/tex/generic/oberdiek/infwarerr.sty
Package: infwarerr 2010/04/08 v1.3 Providing info/warning/error messages (HO)
)
(/opt/local/share/texmf-texlive/tex/generic/oberdiek/ltxcmds.sty
Package: ltxcmds 2011/11/09 v1.22 LaTeX kernel commands for general use (HO)
)
\Gread@gobject=\count97
))
(/opt/local/share/texmf-texlive/tex/latex/colortbl/colortbl.sty
Package: colortbl 2012/02/13 v1.0a Color table columns (DPC)

(/opt/local/share/texmf-texlive/tex/latex/tools/array.sty
Package: array 2014/10/28 v2.4c Tabular extension package (FMi)
\col@sep=\dimen138
\extrarowheight=\dimen139
\NC@list=\toks18
\extratabsurround=\skip57
\backup@length=\skip58
)
\everycr=\toks19
\minrowclearance=\skip59
)
(/opt/local/share/texmf-texlive/tex/latex/float/float.sty
Package: float 2001/11/08 v1.3d Float enhancements (AL)
\c@float@type=\count98
\float@exts=\toks20
\float@box=\box28
\@float@everytoks=\toks21
\@floatcapt=\box29
)
(/opt/local/share/texmf-texlive/tex/latex/psnfss/mathptmx.sty
Package: mathptmx 2005/04/12 PSNFSS-v9.2a Times w/ Math, improved (SPQR, WaS) 
LaTeX Font Info:    Redeclaring symbol font `operators' on input line 28.
LaTeX Font Info:    Overwriting symbol font `operators' in version `normal'
(Font)                  OT1/cmr/m/n --> OT1/ztmcm/m/n on input line 28.
LaTeX Font Info:    Overwriting symbol font `operators' in version `bold'
(Font)                  OT1/cmr/bx/n --> OT1/ztmcm/m/n on input line 28.
LaTeX Font Info:    Redeclaring symbol font `letters' on input line 29.
LaTeX Font Info:    Overwriting symbol font `letters' in version `normal'
(Font)                  OML/cmm/m/it --> OML/ztmcm/m/it on input line 29.
LaTeX Font Info:    Overwriting symbol font `letters' in version `bold'
(Font)                  OML/cmm/b/it --> OML/ztmcm/m/it on input line 29.
LaTeX Font Info:    Redeclaring symbol font `symbols' on input line 30.
LaTeX Font Info:    Overwriting symbol font `symbols' in version `normal'
(Font)                  OMS/cmsy/m/n --> OMS/ztmcm/m/n on input line 30.
LaTeX Font Info:    Overwriting symbol font `symbols' in version `bold'
(Font)                  OMS/cmsy/b/n --> OMS/ztmcm/m/n on input line 30.
LaTeX Font Info:    Redeclaring symbol font `largesymbols' on input line 31.
LaTeX Font Info:    Overwriting symbol font `largesymbols' in version `normal'
(Font)                  OMX/cmex/m/n --> OMX/ztmcm/m/n on input line 31.
LaTeX Font Info:    Overwriting symbol font `largesymbols' in version `bold'
(Font)                  OMX/cmex/m/n --> OMX/ztmcm/m/n on input line 31.
\symbold=\mathgroup4
\symitalic=\mathgroup5
LaTeX Font Info:    Redeclaring math alphabet \mathbf on input line 34.
LaTeX Font Info:    Overwriting math alphabet `\mathbf' in version `normal'
(Font)                  OT1/cmr/bx/n --> OT1/ptm/bx/n on input line 34.
LaTeX Font Info:    Overwriting math alphabet `\mathbf' in version `bold'
(Font)                  OT1/cmr/bx/n --> OT1/ptm/bx/n on input line 34.
LaTeX Font Info:    Redeclaring math alphabet \mathit on input line 35.
LaTeX Font Info:    Overwriting math alphabet `\mathit' in version `normal'
(Font)                  OT1/cmr/m/it --> OT1/ptm/m/it on input line 35.
LaTeX Font Info:    Overwriting math alphabet `\mathit' in version `bold'
(Font)                  OT1/cmr/bx/it --> OT1/ptm/m/it on input line 35.
LaTeX Info: Redefining \hbar on input line 50.
)
(/opt/local/share/texmf-texlive/tex/latex/psnfss/courier.sty
Package: courier 2005/04/12 PSNFSS-v9.2a (WaS) 
)
(/opt/local/share/texmf-texlive/tex/latex/psnfss/helvet.sty
Package: helvet 2005/04/12 PSNFSS-v9.2a (WaS) 
)
(/opt/local/share/texmf-texlive/tex/latex/amsfonts/euscript.sty
Package: euscript 2009/06/22 v3.00 Euler Script fonts
LaTeX Font Info:    Overwriting math alphabet `\EuScript' in version `bold'
(Font)                  U/eus/m/n --> U/eus/b/n on input line 33.
)
(/opt/local/share/texmf-texlive/tex/latex/base/fontenc.sty
Package: fontenc 2005/09/27 v1.99g Standard LaTeX package

(/opt/local/share/texmf-texlive/tex/latex/base/t1enc.def
File: t1enc.def 2005/09/27 v1.99g Standard LaTeX file
LaTeX Font Info:    Redeclaring font encoding T1 on input line 48.
))
(/opt/local/share/texmf-texlive/tex/latex/listings/listings.sty
\lst@mode=\count99
\lst@gtempboxa=\box30
\lst@token=\toks22
\lst@length=\count100
\lst@currlwidth=\dimen140
\lst@column=\count101
\lst@pos=\count102
\lst@lostspace=\dimen141
\lst@width=\dimen142
\lst@newlines=\count103
\lst@lineno=\count104
\lst@maxwidth=\dimen143

(/opt/local/share/texmf-texlive/tex/latex/listings/lstmisc.sty
File: lstmisc.sty 2014/09/06 1.5e (Carsten Heinz)
\c@lstnumber=\count105
\lst@skipnumbers=\count106
\lst@framebox=\box31
)
(/opt/local/share/texmf-texlive/tex/latex/listings/listings.cfg
File: listings.cfg 2014/09/06 1.5e listings configuration
))
Package: listings 2014/09/06 1.5e (Carsten Heinz)

(/opt/local/share/texmf-texlive/tex/latex/inconsolata/inconsolata.sty
Package: inconsolata 2014/06/22 v1.05

`inconsolata-zi4' v1.05, 2014/06/22 Text macros for Inconsolata (msharpe)
(/opt/local/share/texmf-texlive/tex/latex/base/textcomp.sty
Package: textcomp 2005/09/27 v1.99g Standard LaTeX package
Package textcomp Info: Sub-encoding information:
(textcomp)               5 = only ISO-Adobe without \textcurrency
(textcomp)               4 = 5 + \texteuro
(textcomp)               3 = 4 + \textohm
(textcomp)               2 = 3 + \textestimated + \textcurrency
(textcomp)               1 = TS1 - \textcircled - \t
(textcomp)               0 = TS1 (full)
(textcomp)             Font families with sub-encoding setting implement
(textcomp)             only a restricted character set as indicated.
(textcomp)             Family '?' is the default used for unknown fonts.
(textcomp)             See the documentation for details.
Package textcomp Info: Setting ? sub-encoding to TS1/1 on input line 79.

(/opt/local/share/texmf-texlive/tex/latex/base/ts1enc.def
File: ts1enc.def 2001/06/05 v3.0e (jk/car/fm) Standard LaTeX file
)
LaTeX Info: Redefining \oldstylenums on input line 334.
Package textcomp Info: Setting cmr sub-encoding to TS1/0 on input line 349.
Package textcomp Info: Setting cmss sub-encoding to TS1/0 on input line 350.
Package textcomp Info: Setting cmtt sub-encoding to TS1/0 on input line 351.
Package textcomp Info: Setting cmvtt sub-encoding to TS1/0 on input line 352.
Package textcomp Info: Setting cmbr sub-encoding to TS1/0 on input line 353.
Package textcomp Info: Setting cmtl sub-encoding to TS1/0 on input line 354.
Package textcomp Info: Setting ccr sub-encoding to TS1/0 on input line 355.
Package textcomp Info: Setting ptm sub-encoding to TS1/4 on input line 356.
Package textcomp Info: Setting pcr sub-encoding to TS1/4 on input line 357.
Package textcomp Info: Setting phv sub-encoding to TS1/4 on input line 358.
Package textcomp Info: Setting ppl sub-encoding to TS1/3 on input line 359.
Package textcomp Info: Setting pag sub-encoding to TS1/4 on input line 360.
Package textcomp Info: Setting pbk sub-encoding to TS1/4 on input line 361.
Package textcomp Info: Setting pnc sub-encoding to TS1/4 on input line 362.
Package textcomp Info: Setting pzc sub-encoding to TS1/4 on input line 363.
Package textcomp Info: Setting bch sub-encoding to TS1/4 on input line 364.
Package textcomp Info: Setting put sub-encoding to TS1/5 on input line 365.
Package textcomp Info: Setting uag sub-encoding to TS1/5 on input line 366.
Package textcomp Info: Setting ugq sub-encoding to TS1/5 on input line 367.
Package textcomp Info: Setting ul8 sub-encoding to TS1/4 on input line 368.
Package textcomp Info: Setting ul9 sub-encoding to TS1/4 on input line 369.
Package textcomp Info: Setting augie sub-encoding to TS1/5 on input line 370.
Package textcomp Info: Setting dayrom sub-encoding to TS1/3 on input line 371.
Package textcomp Info: Setting dayroms sub-encoding to TS1/3 on input line 372.

Package textcomp Info: Setting pxr sub-encoding to TS1/0 on input line 373.
Package textcomp Info: Setting pxss sub-encoding to TS1/0 on input line 374.
Package textcomp Info: Setting pxtt sub-encoding to TS1/0 on input line 375.
Package textcomp Info: Setting txr sub-encoding to TS1/0 on input line 376.
Package textcomp Info: Setting txss sub-encoding to TS1/0 on input line 377.
Package textcomp Info: Setting txtt sub-encoding to TS1/0 on input line 378.
Package textcomp Info: Setting lmr sub-encoding to TS1/0 on input line 379.
Package textcomp Info: Setting lmdh sub-encoding to TS1/0 on input line 380.
Package textcomp Info: Setting lmss sub-encoding to TS1/0 on input line 381.
Package textcomp Info: Setting lmssq sub-encoding to TS1/0 on input line 382.
Package textcomp Info: Setting lmvtt sub-encoding to TS1/0 on input line 383.
Package textcomp Info: Setting lmtt sub-encoding to TS1/0 on input line 384.
Package textcomp Info: Setting qhv sub-encoding to TS1/0 on input line 385.
Package textcomp Info: Setting qag sub-encoding to TS1/0 on input line 386.
Package textcomp Info: Setting qbk sub-encoding to TS1/0 on input line 387.
Package textcomp Info: Setting qcr sub-encoding to TS1/0 on input line 388.
Package textcomp Info: Setting qcs sub-encoding to TS1/0 on input line 389.
Package textcomp Info: Setting qpl sub-encoding to TS1/0 on input line 390.
Package textcomp Info: Setting qtm sub-encoding to TS1/0 on input line 391.
Package textcomp Info: Setting qzc sub-encoding to TS1/0 on input line 392.
Package textcomp Info: Setting qhvc sub-encoding to TS1/0 on input line 393.
Package textcomp Info: Setting futs sub-encoding to TS1/4 on input line 394.
Package textcomp Info: Setting futx sub-encoding to TS1/4 on input line 395.
Package textcomp Info: Setting futj sub-encoding to TS1/4 on input line 396.
Package textcomp Info: Setting hlh sub-encoding to TS1/3 on input line 397.
Package textcomp Info: Setting hls sub-encoding to TS1/3 on input line 398.
Package textcomp Info: Setting hlst sub-encoding to TS1/3 on input line 399.
Package textcomp Info: Setting hlct sub-encoding to TS1/5 on input line 400.
Package textcomp Info: Setting hlx sub-encoding to TS1/5 on input line 401.
Package textcomp Info: Setting hlce sub-encoding to TS1/5 on input line 402.
Package textcomp Info: Setting hlcn sub-encoding to TS1/5 on input line 403.
Package textcomp Info: Setting hlcw sub-encoding to TS1/5 on input line 404.
Package textcomp Info: Setting hlcf sub-encoding to TS1/5 on input line 405.
Package textcomp Info: Setting pplx sub-encoding to TS1/3 on input line 406.
Package textcomp Info: Setting pplj sub-encoding to TS1/3 on input line 407.
Package textcomp Info: Setting ptmx sub-encoding to TS1/4 on input line 408.
Package textcomp Info: Setting ptmj sub-encoding to TS1/4 on input line 409.
)
\zifour@ocount=\count107
)
(/opt/local/share/texmf-texlive/tex/latex/listings/lstlang1.sty
File: lstlang1.sty 2014/09/06 1.5e listings language file
)
(/opt/local/share/texmf-texlive/tex/latex/listings/lstmisc.sty
File: lstmisc.sty 2014/09/06 1.5e (Carsten Heinz)
)
(/opt/local/share/texmf-texlive/tex/latex/hyperref/hyperref.sty
Package: hyperref 2012/11/06 v6.83m Hypertext links for LaTeX

(/opt/local/share/texmf-texlive/tex/generic/oberdiek/hobsub-hyperref.sty
Package: hobsub-hyperref 2012/05/28 v1.13 Bundle oberdiek, subset hyperref (HO)


(/opt/local/share/texmf-texlive/tex/generic/oberdiek/hobsub-generic.sty
Package: hobsub-generic 2012/05/28 v1.13 Bundle oberdiek, subset generic (HO)
Package: hobsub 2012/05/28 v1.13 Construct package bundles (HO)
Package hobsub Info: Skipping package `infwarerr' (already loaded).
Package hobsub Info: Skipping package `ltxcmds' (already loaded).
Package: ifluatex 2010/03/01 v1.3 Provides the ifluatex switch (HO)
Package ifluatex Info: LuaTeX not detected.
Package hobsub Info: Skipping package `ifvtex' (already loaded).
Package: intcalc 2007/09/27 v1.1 Expandable calculations with integers (HO)
Package hobsub Info: Skipping package `ifpdf' (already loaded).
Package: etexcmds 2011/02/16 v1.5 Avoid name clashes with e-TeX commands (HO)
Package etexcmds Info: Could not find \expanded.
(etexcmds)             That can mean that you are not using pdfTeX 1.50 or
(etexcmds)             that some package has redefined \expanded.
(etexcmds)             In the latter case, load this package earlier.
Package: kvsetkeys 2012/04/25 v1.16 Key value parser (HO)
Package: kvdefinekeys 2011/04/07 v1.3 Define keys (HO)
Package: pdftexcmds 2011/11/29 v0.20 Utility functions of pdfTeX for LuaTeX (HO
)
Package pdftexcmds Info: LuaTeX not detected.
Package pdftexcmds Info: \pdf@primitive is available.
Package pdftexcmds Info: \pdf@ifprimitive is available.
Package pdftexcmds Info: \pdfdraftmode found.
Package: pdfescape 2011/11/25 v1.13 Implements pdfTeX's escape features (HO)
Package: bigintcalc 2012/04/08 v1.3 Expandable calculations on big integers (HO
)
Package: bitset 2011/01/30 v1.1 Handle bit-vector datatype (HO)
Package: uniquecounter 2011/01/30 v1.2 Provide unlimited unique counter (HO)
)
Package hobsub Info: Skipping package `hobsub' (already loaded).
Package: letltxmacro 2010/09/02 v1.4 Let assignment for LaTeX macros (HO)
Package: hopatch 2012/05/28 v1.2 Wrapper for package hooks (HO)
Package: xcolor-patch 2011/01/30 xcolor patch
Package: atveryend 2011/06/30 v1.8 Hooks at the very end of document (HO)
Package atveryend Info: \enddocument detected (standard20110627).
Package: atbegshi 2011/10/05 v1.16 At begin shipout hook (HO)
Package: refcount 2011/10/16 v3.4 Data extraction from label references (HO)
Package: hycolor 2011/01/30 v1.7 Color options for hyperref/bookmark (HO)
)
(/opt/local/share/texmf-texlive/tex/latex/oberdiek/auxhook.sty
Package: auxhook 2011/03/04 v1.3 Hooks for auxiliary files (HO)
)
(/opt/local/share/texmf-texlive/tex/latex/oberdiek/kvoptions.sty
Package: kvoptions 2011/06/30 v3.11 Key value format for package options (HO)
)
\@linkdim=\dimen144
\Hy@linkcounter=\count108
\Hy@pagecounter=\count109

(/opt/local/share/texmf-texlive/tex/latex/hyperref/pd1enc.def
File: pd1enc.def 2012/11/06 v6.83m Hyperref: PDFDocEncoding definition (HO)
)
\Hy@SavedSpaceFactor=\count110

(/opt/local/share/texmf-texlive/tex/latex/latexconfig/hyperref.cfg
File: hyperref.cfg 2002/06/06 v1.2 hyperref configuration of TeXLive
)
Package hyperref Info: Option `colorlinks' set `true' on input line 4319.
Package hyperref Info: Hyper figures OFF on input line 4443.
Package hyperref Info: Link nesting OFF on input line 4448.
Package hyperref Info: Hyper index ON on input line 4451.
Package hyperref Info: Plain pages OFF on input line 4458.
Package hyperref Info: Backreferencing OFF on input line 4463.
Package hyperref Info: Implicit mode ON; LaTeX internals redefined.
Package hyperref Info: Bookmarks ON on input line 4688.
\c@Hy@tempcnt=\count111

(/opt/local/share/texmf-texlive/tex/latex/url/url.sty
\Urlmuskip=\muskip10
Package: url 2013/09/16  ver 3.4  Verb mode for urls, etc.
)
LaTeX Info: Redefining \url on input line 5041.
\XeTeXLinkMargin=\dimen145
\Fld@menulength=\count112
\Field@Width=\dimen146
\Fld@charsize=\dimen147
Package hyperref Info: Hyper figures OFF on input line 6295.
Package hyperref Info: Link nesting OFF on input line 6300.
Package hyperref Info: Hyper index ON on input line 6303.
Package hyperref Info: backreferencing OFF on input line 6310.
Package hyperref Info: Link coloring ON on input line 6313.
Package hyperref Info: Link coloring with OCG OFF on input line 6320.
Package hyperref Info: PDF/A mode OFF on input line 6325.
LaTeX Info: Redefining \ref on input line 6365.
LaTeX Info: Redefining \pageref on input line 6369.
\Hy@abspage=\count113
\c@Item=\count114
\c@Hfootnote=\count115
)

Package hyperref Message: Driver: hpdftex.

(/opt/local/share/texmf-texlive/tex/latex/hyperref/hpdftex.def
File: hpdftex.def 2012/11/06 v6.83m Hyperref driver for pdfTeX
\Fld@listcount=\count116
\c@bookmark@seq@number=\count117

(/opt/local/share/texmf-texlive/tex/latex/oberdiek/rerunfilecheck.sty
Package: rerunfilecheck 2011/04/15 v1.7 Rerun checks for auxiliary files (HO)
Package uniquecounter Info: New unique counter `rerunfilecheck' on input line 2
82.
)
\Hy@SectionHShift=\skip60
)
Package hyperref Info: Option `bookmarksopen' set `true' on input line 187.

(/opt/local/share/texmf-texlive/tex/latex/subfig/subfig.sty
Package: subfig 2005/06/28 ver: 1.3 subfig package
\c@KVtest=\count118
\sf@farskip=\skip61
\sf@captopadj=\dimen148
\sf@capskip=\skip62
\sf@nearskip=\skip63
\c@subfigure=\count119
\c@subfigure@save=\count120
\c@lofdepth=\count121
\c@subtable=\count122
\c@subtable@save=\count123
\c@lotdepth=\count124
\sf@top=\skip64
\sf@bottom=\skip65
)
(/opt/local/share/texmf-texlive/tex/latex/graphics/graphicx.sty
Package: graphicx 2014/10/28 v1.0g Enhanced LaTeX Graphics (DPC,SPQR)

(/opt/local/share/texmf-texlive/tex/latex/graphics/graphics.sty
Package: graphics 2014/10/28 v1.0p Standard LaTeX Graphics (DPC,SPQR)

(/opt/local/share/texmf-texlive/tex/latex/graphics/trig.sty
Package: trig 1999/03/16 v1.09 sin cos tan (DPC)
)
(/opt/local/share/texmf-texlive/tex/latex/latexconfig/graphics.cfg
File: graphics.cfg 2010/04/23 v1.9 graphics configuration of TeX Live
)
Package graphics Info: Driver file: pdftex.def on input line 94.
)
\Gin@req@height=\dimen149
\Gin@req@width=\dimen150
)
(/opt/local/share/texmf-texlive/tex/latex/soul/soul.sty
Package: soul 2003/11/17 v2.4 letterspacing/underlining (mf)
\SOUL@word=\toks23
\SOUL@lasttoken=\toks24
\SOUL@cmds=\toks25
\SOUL@buffer=\toks26
\SOUL@token=\toks27
\SOUL@spaceskip=\skip66
\SOUL@ttwidth=\dimen151
\SOUL@uldp=\dimen152
\SOUL@ulht=\dimen153
)
(/opt/local/share/texmf-texlive/tex/latex/textpos/textpos.sty
Package: textpos 2014/01/03 v1.7j

Package: textpos 2014/01/03 1.7j, absolute positioning of text on the page
(/opt/local/share/texmf-texlive/tex/latex/ms/everyshi.sty
Package: everyshi 2001/05/15 v3.00 EveryShipout Package (MS)
)
\TP@textbox=\box32
\TP@holdbox=\box33
\TPHorizModule=\dimen154
\TPVertModule=\dimen155
\TP@margin=\dimen156
\TP@absmargin=\dimen157

Grid set 16 x 16 = 38.39343pt x 49.68562pt
\TPboxrulesize=\dimen158
\TP@ox=\dimen159
\TP@oy=\dimen160
\TP@tbargs=\toks28
\TP@prevdepth=\dimen161
TextBlockOrigin set to 0pt x 0pt
)
\@float@every@acmcr=\toks29
\c@acmcr=\count125
 (/opt/local/share/texmf-texlive/tex/latex/microtype/microtype.sty
Package: microtype 2013/05/23 v2.5a Micro-typographical refinements (RS)
\MT@toks=\toks30
\MT@count=\count126
LaTeX Info: Redefining \textls on input line 766.
\MT@outer@kern=\dimen162
LaTeX Info: Redefining \textmicrotypecontext on input line 1285.
\MT@listname@count=\count127

(/opt/local/share/texmf-texlive/tex/latex/microtype/microtype-pdftex.def
File: microtype-pdftex.def 2013/05/23 v2.5a Definitions specific to pdftex (RS)

LaTeX Info: Redefining \lsstyle on input line 915.
LaTeX Info: Redefining \lslig on input line 915.
\MT@outer@space=\skip67
)
Package microtype Info: Loading configuration file microtype.cfg.

(/opt/local/share/texmf-texlive/tex/latex/microtype/microtype.cfg
File: microtype.cfg 2013/05/23 v2.5a microtype main configuration file (RS)
))
(/Users/conglonl/Google_Drive/cmu/15780/proj/proposal/paper.aux)
\openout1 = `paper.aux'.

LaTeX Font Info:    Checking defaults for OML/cmm/m/it on input line 273.
LaTeX Font Info:    ... okay on input line 273.
LaTeX Font Info:    Checking defaults for T1/cmr/m/n on input line 273.
LaTeX Font Info:    ... okay on input line 273.
LaTeX Font Info:    Checking defaults for OT1/cmr/m/n on input line 273.
LaTeX Font Info:    ... okay on input line 273.
LaTeX Font Info:    Checking defaults for OMS/cmsy/m/n on input line 273.
LaTeX Font Info:    ... okay on input line 273.
LaTeX Font Info:    Checking defaults for OMX/cmex/m/n on input line 273.
LaTeX Font Info:    ... okay on input line 273.
LaTeX Font Info:    Checking defaults for U/cmr/m/n on input line 273.
LaTeX Font Info:    ... okay on input line 273.
LaTeX Font Info:    Checking defaults for TS1/cmr/m/n on input line 273.
LaTeX Font Info:    Try loading font information for TS1+cmr on input line 273.


(/opt/local/share/texmf-texlive/tex/latex/base/ts1cmr.fd
File: ts1cmr.fd 2014/09/29 v2.5h Standard LaTeX font definitions
)
LaTeX Font Info:    ... okay on input line 273.
LaTeX Font Info:    Checking defaults for PD1/pdf/m/n on input line 273.
LaTeX Font Info:    ... okay on input line 273.
LaTeX Font Info:    Try loading font information for T1+ptm on input line 273.

(/opt/local/share/texmf-texlive/tex/latex/psnfss/t1ptm.fd
File: t1ptm.fd 2001/06/04 font definitions for T1/ptm.
)
*geometry* detected driver: pdftex
*geometry* verbose mode - [ preamble ] result:
* driver: pdftex
* paper: letterpaper
* layout: <same size as paper>
* layoutoffset:(h,v)=(0.0pt,0.0pt)
* modes: 
* h-part:(L,W,R)=(72.26999pt, 469.75502pt, 72.26999pt)
* v-part:(T,H,B)=(72.26999pt, 650.43001pt, 72.26999pt)
* \paperwidth=614.295pt
* \paperheight=794.96999pt
* \textwidth=469.75502pt
* \textheight=650.43001pt
* \oddsidemargin=0.0pt
* \evensidemargin=0.0pt
* \topmargin=0.0pt
* \headheight=0.0pt
* \headsep=0.0pt
* \topskip=12.0pt
* \footskip=36.135pt
* \marginparwidth=44.0pt
* \marginparsep=10.0pt
* \columnsep=18.06749pt
* \skip\footins=10.8pt plus 4.0pt minus 2.0pt
* \hoffset=0.0pt
* \voffset=0.0pt
* \mag=1000
* \@twocolumnfalse
* \@twosidefalse
* \@mparswitchfalse
* \@reversemarginfalse
* (1in=72.27pt=25.4mm, 1cm=28.453pt)

Package caption Info: Begin \AtBeginDocument code.
Package caption Info: subfig package v1.3 is loaded.
Package caption Info: float package is loaded.
Package caption Info: hyperref package is loaded.
Package caption Info: listings package is loaded.
Package caption Info: End \AtBeginDocument code.
(/opt/local/share/texmf-texlive/tex/context/base/supp-pdf.mkii
[Loading MPS to PDF converter (version 2006.09.02).]
\scratchcounter=\count128
\scratchdimen=\dimen163
\scratchbox=\box34
\nofMPsegments=\count129
\nofMParguments=\count130
\everyMPshowfont=\toks31
\MPscratchCnt=\count131
\MPscratchDim=\dimen164
\MPnumerator=\count132
\makeMPintoPDFobject=\count133
\everyMPtoPDFconversion=\toks32
)
\big@size=\dimen165
\c@lstlisting=\count134
 (/opt/local/share/texmf-texlive/tex/latex/upquote/upquote.sty
Package: upquote 2012/04/19 v1.3 upright-quote and grave-accent glyphs in verba
tim
)
\AtBeginShipoutBox=\box35
Package hyperref Info: Link coloring ON on input line 273.

(/opt/local/share/texmf-texlive/tex/latex/hyperref/nameref.sty
Package: nameref 2012/10/27 v2.43 Cross-referencing by name of section

(/opt/local/share/texmf-texlive/tex/generic/oberdiek/gettitlestring.sty
Package: gettitlestring 2010/12/03 v1.4 Cleanup title references (HO)
)
\c@section@level=\count135
)
LaTeX Info: Redefining \ref on input line 273.
LaTeX Info: Redefining \pageref on input line 273.
LaTeX Info: Redefining \nameref on input line 273.

(/Users/conglonl/Google_Drive/cmu/15780/proj/proposal/paper.out)
(/Users/conglonl/Google_Drive/cmu/15780/proj/proposal/paper.out)
\@outlinefile=\write3
\openout3 = `paper.out'.


(/opt/local/share/texmf-texlive/tex/latex/oberdiek/epstopdf-base.sty
Package: epstopdf-base 2010/02/09 v2.5 Base part for package epstopdf

(/opt/local/share/texmf-texlive/tex/latex/oberdiek/grfext.sty
Package: grfext 2010/08/19 v1.1 Manage graphics extensions (HO)
)
Package grfext Info: Graphics extension search list:
(grfext)             [.png,.pdf,.jpg,.mps,.jpeg,.jbig2,.jb2,.PNG,.PDF,.JPG,.JPE
G,.JBIG2,.JB2,.eps]
(grfext)             \AppendGraphicsExtensions on input line 452.

(/opt/local/share/texmf-texlive/tex/latex/latexconfig/epstopdf-sys.cfg
File: epstopdf-sys.cfg 2010/07/13 v1.3 Configuration of (r)epstopdf for TeX Liv
e
))
ABD: EveryShipout initializing macros
LaTeX Info: Redefining \microtypecontext on input line 273.
Package microtype Info: Generating PDF output.
Package microtype Info: Character protrusion enabled (level 2).
Package microtype Info: Using default protrusion set `alltext'.
Package microtype Info: Automatic font expansion enabled (level 2),
(microtype)             stretch: 20, shrink: 20, step: 1, non-selected.
Package microtype Info: Using default expansion set `basictext'.
Package microtype Info: No adjustment of tracking.
Package microtype Info: No adjustment of interword spacing.
Package microtype Info: No adjustment of character kerning.

(/opt/local/share/texmf-texlive/tex/latex/microtype/mt-ptm.cfg
File: mt-ptm.cfg 2006/04/20 v1.7 microtype config. file: Times (RS)
)
LaTeX Font Info:    Font shape `T1/ptm/bx/n' in size <20.74> not available
(Font)              Font shape `T1/ptm/b/n' tried instead on input line 276.
LaTeX Font Info:    Try loading font information for OT1+ztmcm on input line 27
6.

(/opt/local/share/texmf-texlive/tex/latex/psnfss/ot1ztmcm.fd
File: ot1ztmcm.fd 2000/01/03 Fontinst v1.801 font definitions for OT1/ztmcm.
)
Package microtype Info: Loading generic settings for font family
(microtype)             `ztmcm' (encoding: OT1).
(microtype)             For optimal results, create family-specific settings.
(microtype)             See the microtype manual for details.
LaTeX Font Info:    Try loading font information for OML+ztmcm on input line 27
6.

(/opt/local/share/texmf-texlive/tex/latex/psnfss/omlztmcm.fd
File: omlztmcm.fd 2000/01/03 Fontinst v1.801 font definitions for OML/ztmcm.
)
LaTeX Font Info:    Try loading font information for OMS+ztmcm on input line 27
6.

(/opt/local/share/texmf-texlive/tex/latex/psnfss/omsztmcm.fd
File: omsztmcm.fd 2000/01/03 Fontinst v1.801 font definitions for OMS/ztmcm.
)
LaTeX Font Info:    Try loading font information for OMX+ztmcm on input line 27
6.

(/opt/local/share/texmf-texlive/tex/latex/psnfss/omxztmcm.fd
File: omxztmcm.fd 2000/01/03 Fontinst v1.801 font definitions for OMX/ztmcm.
)
LaTeX Font Info:    Try loading font information for OT1+ptm on input line 276.


(/opt/local/share/texmf-texlive/tex/latex/psnfss/ot1ptm.fd
File: ot1ptm.fd 2001/06/04 font definitions for OT1/ptm.
)
LaTeX Font Info:    Font shape `OT1/ptm/bx/n' in size <14.4> not available
(Font)              Font shape `OT1/ptm/b/n' tried instead on input line 276.
LaTeX Font Info:    Font shape `OT1/ptm/bx/n' in size <10.95> not available
(Font)              Font shape `OT1/ptm/b/n' tried instead on input line 276.
LaTeX Font Info:    Font shape `OT1/ptm/bx/n' in size <8> not available
(Font)              Font shape `OT1/ptm/b/n' tried instead on input line 276.

(/Users/conglonl/Google_Drive/cmu/15780/proj/proposal/proposal.tex
LaTeX Font Info:    Font shape `T1/ptm/bx/n' in size <17.28> not available
(Font)              Font shape `T1/ptm/b/n' tried instead on input line 1.
 [1


Non-PDF special ignored!{/opt/local/var/db/texmf/fonts/map/pdftex/updmap/pdftex
.map}]) (/Users/conglonl/Google_Drive/cmu/15780/proj/proposal/paper.bbl
[2]
LaTeX Font Info:    Try loading font information for T1+zi4 on input line 27.
 (/opt/local/share/texmf-texlive/tex/latex/inconsolata/t1zi4.fd
File: t1zi4.fd 2014/06/22 T1/zi4 (Inconsolata)
)
Package microtype Info: Loading generic settings for font family
(microtype)             `zi4' (encoding: T1).
(microtype)             For optimal results, create family-specific settings.
(microtype)             See the microtype manual for details.
Package microtype Info: Character `textendash ' is missing
(microtype)             in font `T1/zi4/m/n/12'.
(microtype)             Ignoring protrusion settings for this character.
Package microtype Info: Character `textemdash ' is missing
(microtype)             in font `T1/zi4/m/n/12'.
(microtype)             Ignoring protrusion settings for this character.
LaTeX Font Info:    Font shape `OT1/ptm/bx/n' in size <12> not available
(Font)              Font shape `OT1/ptm/b/n' tried instead on input line 27.
LaTeX Font Info:    Font shape `OT1/ptm/bx/n' in size <9> not available
(Font)              Font shape `OT1/ptm/b/n' tried instead on input line 27.
LaTeX Font Info:    Font shape `OT1/ptm/bx/n' in size <7> not available
(Font)              Font shape `OT1/ptm/b/n' tried instead on input line 27.
)
Package atveryend Info: Empty hook `BeforeClearDocument' on input line 292.
 [3]
Package atveryend Info: Empty hook `AfterLastShipout' on input line 292.

(/Users/conglonl/Google_Drive/cmu/15780/proj/proposal/paper.aux)
Package atveryend Info: Executing hook `AtVeryEndDocument' on input line 292.
Package atveryend Info: Executing hook `AtEndAfterFileList' on input line 292.
Package rerunfilecheck Info: File `paper.out' has not changed.
(rerunfilecheck)             Checksum: 698C69375EC9C22610A415E5B81D71CB;210.
Package atveryend Info: Empty hook `AtVeryVeryEnd' on input line 292.
 ) 
Here is how much of TeX's memory you used:
 11960 strings out of 494167
 185988 string characters out of 6156327
 305116 words of memory out of 5000000
 14942 multiletter control sequences out of 15000+600000
 49294 words of font info for 155 fonts, out of 8000000 for 9000
 430 hyphenation exceptions out of 8191
 37i,9n,49p,303b,442s stack positions out of 5000i,500n,10000p,200000b,80000s
{/opt/local/share/texmf-texlive/fonts/enc/dvips/inconsolata/i4-t1-0.enc}{/opt
/local/share/texmf-texlive/fonts/enc/dvips/base/8r.enc}</opt/local/share/texmf-
texlive/fonts/type1/public/inconsolata/Inconsolata-zi4r.pfb></opt/local/share/t
exmf-texlive/fonts/type1/public/amsfonts/cm/cmmi10.pfb></opt/local/share/texmf-
texlive/fonts/type1/public/amsfonts/cm/cmsy10.pfb></opt/local/share/texmf-texli
ve/fonts/type1/urw/times/utmb8a.pfb></opt/local/share/texmf-texlive/fonts/type1
/urw/times/utmr8a.pfb></opt/local/share/texmf-texlive/fonts/type1/urw/times/utm
ri8a.pfb>
Output written on paper.pdf (3 pages, 75844 bytes).
PDF statistics:
 93 PDF objects out of 1000 (max. 8388607)
 81 compressed objects within 1 object stream
 18 named destinations out of 1000 (max. 500000)
 30753 words of extra memory for PDF output out of 35830 (max. 10000000)

